login post session made id=buldak token=WyJidWxkYWsiXQ.C4Wevg.WjuMEYrRloMmCIH8p2SJAs37f1o
login post session exist id=buldak
login post session exist id=buldak
login post session exist id=buldak
login post session exist id=buldak
login post session exist id=buldak
login post session exist id=buldak
login post session made id=ddk token=WyJkZGsiXQ.C4Ww9A.MhJar49JjFFOaLuuMC2x_U_9NQ4
login post session exist id=ddk
login post session exist id=ddk
login post session made id=ddkf token=WyJkZGtmIl0.C4WxeQ.lai8KKm-i-rypxJcI4GPEs2L5rU
login post session made id=dd123 token=WyJkZDEyMyJd.C4WxuA.wCfmkGG1clOxLrIEhgBFeWnGrh0
login post session made id=dd1234 token=WyJkZDEyMzQiXQ.C4Wyjw.zAds3Zs8qeyNqZAs8K5kK0lVmU0
login post user register id=dd12354 name=buldak1 email=buldak2 image_url=buldak3
login post session made id=dd12354 token=WyJkZDEyMzU0Il0.C4WzWw.mlTwmzKvELU60v-Kok5vHAbXPwo
login post session made id=dd12354 token=WyJkZDEyMzU0Il0.C4W1UQ.YLZdlImX0dxuLJLFV1dB0olfxPg
login post session exist id=dd12354
login post session made id=ak token=WyJhayJd.C4W1cw.XsIPSXY82JKJhBjS47Il_eKQVag
login post user register id=ak name=buldak1 email=buldak2 image_url=buldak3
login post session made id=ak token=WyJhayJd.C4W1pA.JlgissF2Cu2ta-0ymK18frwhU8U
login post session exist id=ak
login post session made id=ak token=WyJhayJd.C4W1sw.kPoO-20EOPv4NB7f2KKWhEeICXY
logout get session disconnection id=ak
dropout get user dropout id=ak
dropout get user dropout id=dd12354
